<annotation>
	<folder></folder>
	<filename>Test-1_jpg.rf.a9fed574ddcbbbbc2ed58be0d434eca7.jpg</filename>
	<path>Test-1_jpg.rf.a9fed574ddcbbbbc2ed58be0d434eca7.jpg</path>
	<source>
		<database>roboflow.com</database>
	</source>
	<size>
		<width>320</width>
		<height>320</height>
		<depth>3</depth>
	</size>
	<segmented>0</segmented>
	<object>
		<name>Cabai Hijau</name>
		<pose>Unspecified</pose>
		<truncated>0</truncated>
		<difficult>0</difficult>
		<occluded>0</occluded>
		<bndbox>
			<xmin>265</xmin>
			<xmax>315</xmax>
			<ymin>33</ymin>
			<ymax>216</ymax>
		</bndbox>
		<polygon>
			<x1>314.254098</x1>
			<y1>179.863637</y1>
			<x2>296.76776</x2>
			<y2>133.318182</y2>
			<x3>298.516393</x3>
			<y3>98.409091</y3>
			<x4>310.75683</x4>
			<y4>66.990909</y4>
			<x5>302.013661</x5>
			<y5>32.081818</y5>
			<x6>274.035519</x6>
			<y6>70.481818</y6>
			<x7>263.543716</x7>
			<y7>127.5</y7>
			<x8>291.521858</x8>
			<y8>178.7</y8>
			<x9>300.265027</x9>
			<y9>213.609091</y9>
			<x10>307.259563</x10>
			<y10>214.772728</y10>
			<x11>314.254098</x11>
			<y11>201.972727</y11>
			<x12>314.254098</x12>
			<y12>179.863637</y12>
		</polygon>
	</object>
	<object>
		<name>Cabai Hijau</name>
		<pose>Unspecified</pose>
		<truncated>0</truncated>
		<difficult>0</difficult>
		<occluded>0</occluded>
		<bndbox>
			<xmin>174</xmin>
			<xmax>270</xmax>
			<ymin>7</ymin>
			<ymax>230</ymax>
		</bndbox>
		<polygon>
			<x1>268.789618</x1>
			<y1>83.281818</y1>
			<x2>258.297814</x2>
			<y2>57.681818</y2>
			<x3>263.543716</x3>
			<y3>7.645454</y3>
			<x4>258.297814</x4>
			<y4>6.481818</y4>
			<x5>237.314208</x5>
			<y5>73.972728</y5>
			<x6>237.314208</x6>
			<y6>111.209091</y6>
			<x7>216.330601</x7>
			<y7>161.245454</y7>
			<x8>173.435359</x8>
			<y8>228.763795</y8>
			<x9>212.515983</x9>
			<y9>206.873044</y9>
			<x10>263.543716</x10>
			<y10>119.354546</y10>
			<x11>268.789618</x11>
			<y11>83.281818</y11>
		</polygon>
	</object>
	<object>
		<name>Cabai Hijau</name>
		<pose>Unspecified</pose>
		<truncated>0</truncated>
		<difficult>0</difficult>
		<occluded>0</occluded>
		<bndbox>
			<xmin>157</xmin>
			<xmax>238</xmax>
			<ymin>76</ymin>
			<ymax>223</ymax>
		</bndbox>
		<polygon>
			<x1>220.743483</x1>
			<y1>140.516705</y1>
			<x2>237.198483</x2>
			<y2>104.944236</y2>
			<x3>227.942546</x3>
			<y3>74.844453</y3>
			<x4>213.544421</x4>
			<y4>78.948968</y4>
			<x5>210.459108</x5>
			<y5>98.787461</y5>
			<x6>197.089421</x6>
			<y6>126.834986</y6>
			<x7>187.833482</x7>
			<y7>149.409823</y7>
			<x8>167.264732</x8>
			<y8>187.034551</y8>
			<x9>155.95192</x9>
			<y9>217.134334</y9>
			<x10>168.29317</x10>
			<y10>221.922935</y10>
			<x11>197.089421</x11>
			<y11>185.666379</y11>
			<x12>220.743483</x12>
			<y12>140.516705</y12>
		</polygon>
	</object>
	<object>
		<name>Cabai Hijau</name>
		<pose>Unspecified</pose>
		<truncated>0</truncated>
		<difficult>0</difficult>
		<occluded>0</occluded>
		<bndbox>
			<xmin>137</xmin>
			<xmax>215</xmax>
			<ymin>68</ymin>
			<ymax>233</ymax>
		</bndbox>
		<polygon>
			<x1>173.435359</x1>
			<y1>176.773261</y1>
			<x2>201.20317</x2>
			<y2>121.362299</y2>
			<x3>213.544421</x3>
			<y3>85.789828</y3>
			<x4>213.544421</x4>
			<y4>66.63542</y4>
			<x5>189.890358</x5>
			<y5>68.003592</y5>
			<x6>178.577545</x6>
			<y6>75.528538</y6>
			<x7>172.40692</x7>
			<y7>104.260149</y7>
			<x8>162.122545</x8>
			<y8>142.568963</y8>
			<x9>147.72442</x9>
			<y9>185.666379</y9>
			<x10>139.496919</x10>
			<y10>207.55713</y10>
			<x11>136.411607</x11>
			<y11>230.131968</y11>
			<x12>148.752858</x12>
			<y12>232.184225</y12>
			<x13>173.435359</x13>
			<y13>176.773261</y13>
		</polygon>
	</object>
	<object>
		<name>Cabai Hijau</name>
		<pose>Unspecified</pose>
		<truncated>0</truncated>
		<difficult>0</difficult>
		<occluded>0</occluded>
		<bndbox>
			<xmin>132</xmin>
			<xmax>183</xmax>
			<ymin>27</ymin>
			<ymax>196</ymax>
		</bndbox>
		<polygon>
			<x1>172.40692</x1>
			<y1>111.101009</y1>
			<x2>181.662858</x2>
			<y2>68.003592</y2>
			<x3>180.634419</x3>
			<y3>44.060584</y3>
			<x4>168.29317</x4>
			<y4>26.274349</y4>
			<x5>159.037233</x5>
			<y5>28.326607</y5>
			<x6>147.72442</x6>
			<y6>50.901444</y6>
			<x7>151.83817</x7>
			<y7>78.948968</y7>
			<x8>144.639107</x8>
			<y8>113.837352</y8>
			<x9>136.411607</x9>
			<y9>138.464448</y9>
			<x10>131.26942</x10>
			<y10>169.248316</y10>
			<x11>131.26942</x11>
			<y11>195.243583</y11>
			<x12>143.61067</x12>
			<y12>194.559496</y12>
			<x13>172.40692</x13>
			<y13>111.101009</y13>
		</polygon>
	</object>
	<object>
		<name>Cabai Hijau</name>
		<pose>Unspecified</pose>
		<truncated>0</truncated>
		<difficult>0</difficult>
		<occluded>0</occluded>
		<bndbox>
			<xmin>74</xmin>
			<xmax>124</xmax>
			<ymin>108</ymin>
			<ymax>161</ymax>
		</bndbox>
		<polygon>
			<x1>77.790668</x1>
			<y1>106.996493</y1>
			<x2>72.648482</x2>
			<y2>117.257782</y2>
			<x3>89.103482</x3>
			<y3>125.466814</y3>
			<x4>97.330983</x4>
			<y4>139.832619</y4>
			<x5>114.81442</x5>
			<y5>156.934768</y5>
			<x6>123.041919</x6>
			<y6>159.671112</y6>
			<x7>115.842856</x7>
			<y7>133.675845</y7>
			<x8>94.245668</x8>
			<y8>111.785094</y8>
			<x9>77.790668</x9>
			<y9>106.996493</y9>
		</polygon>
	</object>
	<object>
		<name>Cabai Hijau</name>
		<pose>Unspecified</pose>
		<truncated>0</truncated>
		<difficult>0</difficult>
		<occluded>0</occluded>
		<bndbox>
			<xmin>75</xmin>
			<xmax>140</xmax>
			<ymin>158</ymin>
			<ymax>216</ymax>
		</bndbox>
		<polygon>
			<x1>90.131919</x1>
			<y1>159.671112</y1>
			<x2>73.765522</x2>
			<y2>157.070052</y2>
			<x3>84.989731</x3>
			<y3>176.089176</y3>
			<x4>91.160356</x4>
			<y4>192.507239</y4>
			<x5>105.558481</x5>
			<y5>204.1367</y5>
			<x6>128.184108</x6>
			<y6>215.082076</y6>
			<x7>139.496919</x7>
			<y7>211.661646</y7>
			<x8>118.928168</x8>
			<y8>195.927669</y8>
			<x9>104.530045</x9>
			<y9>178.141434</y9>
			<x10>90.131919</x10>
			<y10>159.671112</y10>
		</polygon>
	</object>
	<object>
		<name>Cabai Hijau</name>
		<pose>Unspecified</pose>
		<truncated>0</truncated>
		<difficult>0</difficult>
		<occluded>0</occluded>
		<bndbox>
			<xmin>72</xmin>
			<xmax>121</xmax>
			<ymin>133</ymin>
			<ymax>177</ymax>
		</bndbox>
		<polygon>
			<x1>75.733794</x1>
			<y1>149.409823</y1>
			<x2>90.131919</x2>
			<y2>161.039285</y2>
			<x3>109.672231</x3>
			<y3>173.352832</y3>
			<x4>119.956607</x4>
			<y4>176.089176</y4>
			<x5>102.473169</x5>
			<y5>155.566597</y5>
			<x6>83.961293</x6>
			<y6>137.096275</y6>
			<x7>70.591606</x7>
			<y7>132.307674</y7>
			<x8>75.733794</x8>
			<y8>149.409823</y8>
		</polygon>
	</object>
</annotation>
