<annotation>
	<folder></folder>
	<filename>Test-1_jpg.rf.0ba70f90137b03eba717bde681639de2.jpg</filename>
	<path>Test-1_jpg.rf.0ba70f90137b03eba717bde681639de2.jpg</path>
	<source>
		<database>roboflow.com</database>
	</source>
	<size>
		<width>320</width>
		<height>320</height>
		<depth>3</depth>
	</size>
	<segmented>0</segmented>
	<object>
		<name>Cabai Hijau</name>
		<pose>Unspecified</pose>
		<truncated>0</truncated>
		<difficult>0</difficult>
		<occluded>0</occluded>
		<bndbox>
			<xmin>252</xmin>
			<xmax>321</xmax>
			<ymin>4</ymin>
			<ymax>182</ymax>
		</bndbox>
		<polygon>
			<x1>281.111287</x1>
			<y1>68.828253</y1>
			<x2>285.970449</x2>
			<y2>35.461818</y2>
			<x3>269.59853</x3>
			<y3>3.41423</y3>
			<x4>250.975587</x4>
			<y4>47.123753</y4>
			<x5>253.578988</x5>
			<y5>105.040705</y5>
			<x6>292.357546</x6>
			<y6>148.63474</y6>
			<x7>308.729465</x7>
			<y7>180.682328</y7>
			<x8>315.806493</x8>
			<y8>180.242713</y8>
			<x9>319.742385</x9>
			<y9>166.197347</y9>
			<x10>314.768922</x10>
			<y10>144.654911</y10>
			<x11>287.260308</x11>
			<y11>103.235983</y11>
			<x12>281.111287</x12>
			<y12>68.828253</y12>
		</polygon>
	</object>
	<object>
		<name>Cabai Hijau</name>
		<pose>Unspecified</pose>
		<truncated>0</truncated>
		<difficult>0</difficult>
		<occluded>0</occluded>
		<bndbox>
			<xmin>190</xmin>
			<xmax>253</xmax>
			<ymin>1</ymin>
			<ymax>225</ymax>
		</bndbox>
		<polygon>
			<x1>220.370918</x1>
			<y1>0</y1>
			<x2>215.980724</x2>
			<y2>58.785689</y2>
			<x3>224.357083</x3>
			<y3>95.067686</y3>
			<x4>215.167018</x4>
			<y4>148.541905</y4>
			<x5>188.5595</x5>
			<y5>223.979085</y5>
			<x6>221.714142</x6>
			<y6>193.858165</y6>
			<x7>251.74666</x7>
			<y7>97.104018</y7>
			<x8>248.743511</x8>
			<y8>60.775761</y8>
			<x9>232.761864</x9>
			<y9>38.192029</y9>
			<x10>228.062409</x10>
			<y10>0</y10>
			<x11>220.370918</x11>
			<y11>0</y11>
		</polygon>
	</object>
	<object>
		<name>Cabai Hijau</name>
		<pose>Unspecified</pose>
		<truncated>0</truncated>
		<difficult>0</difficult>
		<occluded>0</occluded>
		<bndbox>
			<xmin>170</xmin>
			<xmax>224</xmax>
			<ymin>63</ymin>
			<ymax>219</ymax>
		</bndbox>
		<polygon>
			<x1>207.045353</x1>
			<y1>61.743237</y1>
			<x2>193.939566</x2>
			<y2>68.981427</y2>
			<x3>195.396019</x3>
			<y3>89.005505</y3>
			<x4>188.678317</x4>
			<y4>119.341699</y4>
			<x5>184.73784</x5>
			<y5>143.420077</y5>
			<x6>173.159988</x6>
			<y6>184.707448</y6>
			<x7>168.908101</x7>
			<y7>216.580605</y7>
			<x8>182.010246</x8>
			<y8>218.470297</y8>
			<x9>201.912501</x9>
			<y9>176.665247</y9>
			<x10>214.803844</x10>
			<y10>127.35175</y10>
			<x11>222.835039</x11>
			<y11>88.989432</y11>
			<x12>207.045353</x12>
			<y12>61.743237</y12>
		</polygon>
	</object>
	<object>
		<name>Cabai Hijau</name>
		<pose>Unspecified</pose>
		<truncated>0</truncated>
		<difficult>0</difficult>
		<occluded>0</occluded>
		<bndbox>
			<xmin>152</xmin>
			<xmax>196</xmax>
			<ymin>58</ymin>
			<ymax>235</ymax>
		</bndbox>
		<polygon>
			<x1>195.478425</x1>
			<y1>75.646956</y1>
			<x2>191.16962</x2>
			<y2>56.983474</y2>
			<x3>168.429581</x3>
			<y3>63.637586</y3>
			<x4>159.099459</x4>
			<y4>73.514498</y4>
			<x5>159.550193</x5>
			<y5>102.897808</y5>
			<x6>158.147014</x6>
			<y6>142.538251</y6>
			<x7>153.812721</x7>
			<y7>187.769956</y7>
			<x8>150.720438</x8>
			<y8>210.950434</y8>
			<x9>152.792436</x9>
			<y9>233.640724</y9>
			<x10>165.279039</x10>
			<y10>232.864204</y10>
			<x11>176.864174</x11>
			<y11>173.321065</y11>
			<x12>191.455544</x12>
			<y12>113.083884</y12>
			<x13>195.478425</x13>
			<y13>75.646956</y13>
		</polygon>
	</object>
	<object>
		<name>Cabai Hijau</name>
		<pose>Unspecified</pose>
		<truncated>0</truncated>
		<difficult>0</difficult>
		<occluded>0</occluded>
		<bndbox>
			<xmin>124</xmin>
			<xmax>162</xmax>
			<ymin>29</ymin>
			<ymax>202</ymax>
		</bndbox>
		<polygon>
			<x1>154.024866</x1>
			<y1>42.390369</y1>
			<x2>137.99889</x2>
			<y2>27.836171</y2>
			<x3>129.44184</x3>
			<y3>31.917963</y3>
			<x4>123.497207</x4>
			<y4>56.459038</y4>
			<x5>133.814842</x5>
			<y5>82.862313</y5>
			<x6>134.648469</x6>
			<y6>118.475947</y6>
			<x7>132.171731</x7>
			<y7>144.322637</y7>
			<x8>134.086201</x8>
			<y8>175.474257</y8>
			<x9>139.933864</x9>
			<y9>200.803267</y9>
			<x10>151.804923</x10>
			<y10>197.360535</y10>
			<x11>161.089052</x11>
			<y11>109.563337</y11>
			<x12>160.412951</x12>
			<y12>65.488371</y12>
			<x13>154.024866</x13>
			<y13>42.390369</y13>
		</polygon>
	</object>
	<object>
		<name>Cabai Hijau</name>
		<pose>Unspecified</pose>
		<truncated>0</truncated>
		<difficult>0</difficult>
		<occluded>0</occluded>
		<bndbox>
			<xmin>66</xmin>
			<xmax>125</xmax>
			<ymin>128</ymin>
			<ymax>169</ymax>
		</bndbox>
		<polygon>
			<x1>83.152279</x1>
			<y1>142.300144</y1>
			<x2>94.400512</x2>
			<y2>154.446969</y2>
			<x3>115.282996</x3>
			<y3>167.177874</y3>
			<x4>123.915169</x4>
			<y4>167.993301</y4>
			<x5>111.052954</x5>
			<y5>144.283727</y5>
			<x6>85.084953</x6>
			<y6>127.812345</y6>
			<x7>67.974493</x7>
			<y7>126.848045</y7>
			<x8>65.272389</x8>
			<y8>138.003078</y8>
			<x9>83.152279</x9>
			<y9>142.300144</y9>
		</polygon>
	</object>
	<object>
		<name>Cabai Hijau</name>
		<pose>Unspecified</pose>
		<truncated>0</truncated>
		<difficult>0</difficult>
		<occluded>0</occluded>
		<bndbox>
			<xmin>76</xmin>
			<xmax>153</xmax>
			<ymin>176</ymin>
			<ymax>222</ymax>
		</bndbox>
		<polygon>
			<x1>90.531516</x1>
			<y1>192.550451</y1>
			<x2>100.237249</x2>
			<y2>207.159631</y2>
			<x3>116.882411</x3>
			<y3>215.252156</y3>
			<x4>141.390318</x4>
			<y4>220.827344</y4>
			<x5>151.643753</x5>
			<y5>214.949751</y5>
			<x6>128.062803</x6>
			<y6>204.245997</y6>
			<x7>110.032671</x7>
			<y7>190.154495</y7>
			<x8>91.84865</x8>
			<y8>175.39644</y8>
			<x9>75.316611</x9>
			<y9>176.543683</y9>
			<x10>90.531516</x10>
			<y10>192.550451</y10>
		</polygon>
	</object>
	<object>
		<name>Cabai Hijau</name>
		<pose>Unspecified</pose>
		<truncated>0</truncated>
		<difficult>0</difficult>
		<occluded>0</occluded>
		<bndbox>
			<xmin>68</xmin>
			<xmax>126</xmax>
			<ymin>154</ymin>
			<ymax>186</ymax>
		</bndbox>
		<polygon>
			<x1>113.965862</x1>
			<y1>184.331884</y1>
			<x2>124.602194</x2>
			<y2>184.684615</y2>
			<x3>102.950279</x3>
			<y3>168.620946</y3>
			<x4>80.757943</x4>
			<y4>154.788283</y4>
			<x5>66.653719</x5>
			<y5>153.129939</y5>
			<x6>75.51126</x6>
			<y6>168.63702</y6>
			<x7>92.156422</x7>
			<y7>176.729547</y7>
			<x8>113.965862</x8>
			<y8>184.331884</y8>
		</polygon>
	</object>
</annotation>
